2025-08-09 17:15:49.561 "server.watcher_type" is not a valid config option. If you previously had this config option set, it may have been removed.

  You can now view your Streamlit app in your browser.

  Local URL: http://localhost:8501
  Network URL: http://10.0.0.70:8501
  External URL: http://173.35.189.104:8501

✓ PyTorch-Streamlit compatibility patches applied successfully
✓ PyTorch-Streamlit compatibility patches applied successfully
✓ PyTorch-Streamlit compatibility patches applied successfully
✓ PyTorch-Streamlit compatibility patches applied successfully
✓ PyTorch-Streamlit compatibility patches applied successfully
Fetching 30 files:   0%|          | 0/30 [00:00<?, ?it/s]Fetching 30 files: 100%|██████████| 30/30 [00:00<00:00, 6813.36it/s]
You're using a XLMRobertaTokenizerFast tokenizer. Please note that with a fast tokenizer, using the `__call__` method is faster than using a method to encode the text followed by a call to the `pad` method to get a padded encoding.
✓ PyTorch-Streamlit compatibility patches applied successfully
✓ PyTorch-Streamlit compatibility patches applied successfully
✓ PyTorch-Streamlit compatibility patches applied successfully
✓ PyTorch-Streamlit compatibility patches applied successfully
✓ PyTorch-Streamlit compatibility patches applied successfully
✓ PyTorch-Streamlit compatibility patches applied successfully
✓ PyTorch-Streamlit compatibility patches applied successfully
✓ PyTorch-Streamlit compatibility patches applied successfully
✓ PyTorch-Streamlit compatibility patches applied successfully
✓ PyTorch-Streamlit compatibility patches applied successfully
✓ PyTorch-Streamlit compatibility patches applied successfully
✓ PyTorch-Streamlit compatibility patches applied successfully
✓ PyTorch-Streamlit compatibility patches applied successfully
✓ PyTorch-Streamlit compatibility patches applied successfully
✓ PyTorch-Streamlit compatibility patches applied successfully
✓ PyTorch-Streamlit compatibility patches applied successfully
✓ PyTorch-Streamlit compatibility patches applied successfully
✓ PyTorch-Streamlit compatibility patches applied successfully
✓ PyTorch-Streamlit compatibility patches applied successfully
✓ PyTorch-Streamlit compatibility patches applied successfully
  Stopping...
